app/build/intermediates/manifest_merge_blame_file/debug/manifest-merger-blame-debug-report.txt
1<?xml version="1.0" encoding="utf-8"?>
2<manifest xmlns:android="http://schemas.android.com/apk/res/android"
3    package="com.example.mulberrydiseaseclassifier"
4    android:versionCode="1"
5    android:versionName="1.0" >
6
7    <uses-sdk
8        android:minSdkVersion="26"
8-->src\main\AndroidManifest.xml
9        android:targetSdkVersion="32" />
9-->src\main\AndroidManifest.xml
10
11    <uses-permission android:name="android.permission.CAMERA" />
11-->src\main\AndroidManifest.xml:5:5-65
11-->src\main\AndroidManifest.xml:5:22-62
12
13    <uses-feature android:name="android.hardware.camera" />
13-->src\main\AndroidManifest.xml:6:5-60
13-->src\main\AndroidManifest.xml:6:19-57
14
15    <uses-permission android:name="android.permission.WRITE_EXTERNAL_STORAGE" />
16    <uses-permission android:name="android.permission.READ_PHONE_STATE" />
17    <uses-permission android:name="android.permission.READ_EXTERNAL_STORAGE" />
18
19    <application
19-->src\main\AndroidManifest.xml:8:5-46:19
20        android:allowBackup="true"
20-->src\main\AndroidManifest.xml:9:9-35
21        android:appComponentFactory="androidx.core.app.CoreComponentFactory"
21-->[androidx.core:core:1.8.0] AndroidManifest.xml:24:18-86
22        android:dataExtractionRules="@xml/data_extraction_rules"
22-->src\main\AndroidManifest.xml:10:9-65
23        android:debuggable="true"
24        android:extractNativeLibs="false"
25        android:fullBackupContent="@xml/backup_rules"
25-->src\main\AndroidManifest.xml:11:9-54
26        android:icon="@drawable/mulberry"
26-->src\main\AndroidManifest.xml:12:9-42
27        android:label="@string/app_name"
27-->src\main\AndroidManifest.xml:13:9-41
28        android:roundIcon="@drawable/mulberry"
28-->src\main\AndroidManifest.xml:14:9-47
29        android:supportsRtl="true"
29-->src\main\AndroidManifest.xml:15:9-35
30        android:theme="@style/Theme.MulberryDiseaseClassifier" >
30-->src\main\AndroidManifest.xml:16:9-63
31        <activity
31-->src\main\AndroidManifest.xml:19:9-21:52
32            android:name="com.example.mulberrydiseaseclassifier.MulberryDiseaseClassifierActivity"
32-->src\main\AndroidManifest.xml:20:13-62
33            android:screenOrientation="nosensor" />
33-->src\main\AndroidManifest.xml:21:13-49
34        <activity
34-->src\main\AndroidManifest.xml:23:9-25:52
35            android:name="com.example.mulberrydiseaseclassifier.MulberryScannerClassifierActivity"
35-->src\main\AndroidManifest.xml:24:13-62
36            android:screenOrientation="nosensor" />
36-->src\main\AndroidManifest.xml:25:13-49
37        <activity
37-->src\main\AndroidManifest.xml:27:9-29:52
38            android:name="com.example.mulberrydiseaseclassifier.MainActivity"
38-->src\main\AndroidManifest.xml:28:13-41
39            android:screenOrientation="nosensor" />
39-->src\main\AndroidManifest.xml:29:13-49
40        <activity
40-->src\main\AndroidManifest.xml:31:9-41:20
41            android:name="com.example.mulberrydiseaseclassifier.SplashActivity"
41-->src\main\AndroidManifest.xml:32:13-43
42            android:exported="true"
42-->src\main\AndroidManifest.xml:33:13-36
43            android:label="@string/app_name"
43-->src\main\AndroidManifest.xml:34:13-45
44            android:theme="@style/Theme.MulberryDiseaseClassifier" >
44-->src\main\AndroidManifest.xml:35:13-67
45            <intent-filter>
45-->src\main\AndroidManifest.xml:36:13-40:29
46                <action android:name="android.intent.action.MAIN" />
46-->src\main\AndroidManifest.xml:37:17-69
46-->src\main\AndroidManifest.xml:37:25-66
47
48                <category android:name="android.intent.category.LAUNCHER" />
48-->src\main\AndroidManifest.xml:39:17-77
48-->src\main\AndroidManifest.xml:39:27-74
49            </intent-filter>
50        </activity>
51
52        <meta-data
52-->src\main\AndroidManifest.xml:43:9-45:57
53            android:name="preloaded_fonts"
53-->src\main\AndroidManifest.xml:44:13-43
54            android:resource="@array/preloaded_fonts" />
54-->src\main\AndroidManifest.xml:45:13-54
55
56        <activity
56-->[com.karumi:dexter:6.2.2] AndroidManifest.xml:27:9-29:72
57            android:name="com.karumi.dexter.DexterActivity"
57-->[com.karumi:dexter:6.2.2] AndroidManifest.xml:28:13-60
58            android:theme="@style/Dexter.Internal.Theme.Transparent" />
58-->[com.karumi:dexter:6.2.2] AndroidManifest.xml:29:13-69
59
60        <provider
60-->[androidx.emoji2:emoji2:1.2.0] AndroidManifest.xml:24:9-32:20
61            android:name="androidx.startup.InitializationProvider"
61-->[androidx.emoji2:emoji2:1.2.0] AndroidManifest.xml:25:13-67
62            android:authorities="com.example.mulberrydiseaseclassifier.androidx-startup"
62-->[androidx.emoji2:emoji2:1.2.0] AndroidManifest.xml:26:13-68
63            android:exported="false" >
63-->[androidx.emoji2:emoji2:1.2.0] AndroidManifest.xml:27:13-37
64            <meta-data
64-->[androidx.emoji2:emoji2:1.2.0] AndroidManifest.xml:29:13-31:52
65                android:name="androidx.emoji2.text.EmojiCompatInitializer"
65-->[androidx.emoji2:emoji2:1.2.0] AndroidManifest.xml:30:17-75
66                android:value="androidx.startup" />
66-->[androidx.emoji2:emoji2:1.2.0] AndroidManifest.xml:31:17-49
67            <meta-data
67-->[androidx.lifecycle:lifecycle-process:2.4.1] AndroidManifest.xml:31:13-33:52
68                android:name="androidx.lifecycle.ProcessLifecycleInitializer"
68-->[androidx.lifecycle:lifecycle-process:2.4.1] AndroidManifest.xml:32:17-78
69                android:value="androidx.startup" />
69-->[androidx.lifecycle:lifecycle-process:2.4.1] AndroidManifest.xml:33:17-49
70        </provider>
71    </application>
72
73</manifest>